2018-10-29 17:23:17,080 - root - INFO - query:SELECT idNo,name,isCertifacate,pyAuthFlag,carNo,isCarCertificate from YD_APP_USER where mobile = '18056070532' and source = 'register'
2018-10-29 17:25:42,589 - root - INFO - query:SELECT idNo,name,isCertifacate,pyAuthFlag,carNo,isCarCertificate from YD_APP_USER where mobile = '18056070532' and source = 'register'
2018-10-29 17:40:42,819 - root - INFO - Successful device connection.
2018-10-29 17:40:43,039 - root - INFO - sql:UPDATE `YD_APP_USER` SET `carNo`=, `idNo`=, `name`=, `portraitId`=NULL, `coreLoginId`=, `custId`='0', `isCarCertificate`=, `isCardBindFlag`=NULL, `isCertifacate`=, `portrait`=NULL, `pyAuthFlag`=, `pyAuthResult`=, `clientId`=NULL, `introducerPhone`=NULL WHERE (`mobile`='18000001111' and `source`='register')
2018-10-29 17:40:43,066 - root - INFO - Execute sql failed ! : (1064, "You have an error in your SQL syntax; check the manual that corresponds to your MySQL server version for the right syntax to use near ' `idNo`=, `name`=, `portraitId`=NULL, `coreLoginId`=, `custId`='0', `isCarCertif' at line 1")
2018-10-29 17:43:11,368 - root - INFO - Successful device connection.
2018-10-29 17:43:11,610 - root - INFO - sql:UPDATE `YD_APP_USER` SET `carNo`=NULL, `idNo`=NULL, `name`=NULL, `portraitId`=NULL, `coreLoginId`=NULL, `custId`='0', `isCarCertificate`=NULL, `isCardBindFlag`=NULL, `isCertifacate`=NULL, `portrait`=NULL, `pyAuthFlag`=NULL, `pyAuthResult`=NULL, `clientId`=NULL, `introducerPhone`=NULL WHERE (`mobile`='18000001111' and `source`='register')
2018-10-29 17:43:16,897 - root - INFO - ########################### TestLoginRegister START ###########################
2018-10-29 18:00:17,213 - root - INFO - ########################### TestLoginRegister START ###########################
2018-10-29 18:00:17,233 - root - INFO - ########################### TestLoginRegister END ###########################
2018-10-29 19:00:06,628 - root - INFO - Successful device connection.
2018-10-29 19:00:06,684 - root - INFO - ########################### TestLoginUnregister START ###########################
2018-10-29 19:00:06,686 - root - INFO - ########################### TestLoginUnregister END ###########################
2018-10-29 19:00:06,702 - root - INFO - ########################### TestLoginRegister START ###########################
2018-10-29 19:00:15,608 - root - INFO - ### Redis查询参数  name:AppLoginVerifyCode;key:"18655148783"  ###
2018-10-29 19:00:20,002 - root - INFO - ########################### TestLoginRegister END ###########################
2018-10-29 19:02:16,413 - root - INFO - Successful device connection.
2018-10-29 19:02:16,478 - root - INFO - ########################### TestLoginUnregister START ###########################
2018-10-29 19:02:16,480 - root - INFO - ########################### TestLoginUnregister END ###########################
2018-10-29 19:05:49,227 - root - INFO - ########################### TestLoginUnregister START ###########################
2018-10-29 19:05:49,246 - root - INFO - ########################### TestLoginUnregister END ###########################
2018-10-29 19:08:55,397 - root - INFO - Successful device connection.
2018-10-29 19:08:55,447 - root - INFO - ########################### TestLoginUnregister START ###########################
2018-10-29 19:09:02,673 - root - INFO - ########################### TestLoginUnregister END ###########################
2018-10-29 19:09:32,463 - root - INFO - Successful device connection.
2018-10-29 19:09:32,710 - root - INFO - sql:UPDATE `YD_APP_USER` SET `carNo`=NULL, `idNo`=NULL, `name`=NULL, `portraitId`=NULL, `coreLoginId`=NULL, `custId`='0', `isCarCertificate`=NULL, `isCardBindFlag`=NULL, `isCertifacate`=NULL, `portrait`=NULL, `pyAuthFlag`=NULL, `pyAuthResult`=NULL, `clientId`=NULL, `introducerPhone`=NULL WHERE (`mobile`='18000001111' and `source`='register')
2018-10-29 20:21:02,855 - root - INFO - Successful device connection.
2018-10-29 20:21:02,916 - root - INFO - ########################### TestLoginUnregister START ###########################
2018-10-29 20:21:10,125 - root - INFO - ########################### TestLoginUnregister END ###########################
2018-10-29 20:21:38,486 - root - INFO - Successful device connection.
2018-10-29 20:21:38,623 - root - INFO - sql:UPDATE `YD_APP_USER` SET `carNo`=NULL, `idNo`=NULL, `name`=NULL, `portraitId`=NULL, `coreLoginId`=NULL, `custId`='0', `isCarCertificate`=NULL, `isCardBindFlag`=NULL, `isCertifacate`=NULL, `portrait`=NULL, `pyAuthFlag`=NULL, `pyAuthResult`=NULL, `clientId`=NULL, `introducerPhone`=NULL WHERE (`mobile`='18000001111' and `source`='register')
2018-10-29 21:06:19,690 - root - INFO - Successful device connection.
2018-10-29 21:06:19,750 - root - INFO - ########################### TestLoginUnregister START ###########################
2018-10-29 21:06:19,750 - root - INFO - ########################### TestLoginUnregister END ###########################
2018-10-29 21:06:20,032 - root - INFO - sql:UPDATE `YD_APP_USER` SET `carNo`=NULL, `idNo`=NULL, `name`=NULL, `portraitId`=NULL, `coreLoginId`=NULL, `custId`='0', `isCarCertificate`=NULL, `isCardBindFlag`=NULL, `isCertifacate`=NULL, `portrait`=NULL, `pyAuthFlag`=NULL, `pyAuthResult`=NULL, `clientId`=NULL, `introducerPhone`=NULL WHERE (`mobile`='18000001111' and `source`='register')
2018-10-29 21:06:22,841 - root - INFO - ########################### TestLoginRegister START ###########################
2018-10-29 21:10:51,153 - root - INFO - Successful device connection.
2018-10-29 21:10:51,219 - root - INFO - ########################### TestLoginUnregister START ###########################
2018-10-29 21:10:51,220 - root - INFO - ########################### TestLoginUnregister END ###########################
2018-10-29 21:10:51,451 - root - INFO - sql:UPDATE `YD_APP_USER` SET `carNo`=NULL, `idNo`=NULL, `name`=NULL, `portraitId`=NULL, `coreLoginId`=NULL, `custId`='0', `isCarCertificate`=NULL, `isCardBindFlag`=NULL, `isCertifacate`=NULL, `portrait`=NULL, `pyAuthFlag`=NULL, `pyAuthResult`=NULL, `clientId`=NULL, `introducerPhone`=NULL WHERE (`mobile`='18000001111' and `source`='register')
2018-10-29 21:10:59,290 - root - INFO - ########################### TestLoginRegister START ###########################
2018-10-29 21:17:14,773 - root - INFO - Successful device connection.
2018-10-29 21:17:14,832 - root - INFO - ########################### TestLoginUnregister START ###########################
2018-10-29 21:17:14,833 - root - INFO - ########################### TestLoginUnregister END ###########################
2018-10-29 21:21:24,384 - root - INFO - Successful device connection.
2018-10-29 21:21:24,433 - root - INFO - ########################### TestLoginUnregister START ###########################
2018-10-29 21:21:33,942 - root - INFO - ### Redis查询参数  name:AppLoginVerifyCode;key:"18000001111"  ###
2018-10-29 21:21:38,296 - root - INFO - ########################### TestLoginUnregister END ###########################
2018-10-29 21:24:10,114 - root - INFO - Successful device connection.
2018-10-29 21:24:10,168 - root - INFO - ########################### TestLoginUnregister START ###########################
2018-10-29 21:24:20,413 - root - INFO - ### Redis查询参数  name:AppLoginVerifyCode;key:"18000001111"  ###
2018-10-29 21:24:24,829 - root - INFO - ########################### TestLoginUnregister END ###########################
2018-10-29 21:30:21,260 - root - INFO - ### Redis查询参数  name:AppLoginVerifyCode;key:"18056070690"  ###
2018-10-29 21:31:00,352 - root - INFO - ### Redis查询参数  name:AppLoginVerifyCode;key:"18056070690"  ###
2018-10-29 21:32:06,569 - root - INFO - Successful device connection.
2018-10-29 21:32:06,629 - root - INFO - ########################### TestLoginUnregister START ###########################
2018-10-29 21:32:17,815 - root - INFO - ### Redis查询参数  name:AppLoginVerifyCode;key:"18000001111"  ###
2018-10-29 21:32:25,625 - root - INFO - ########################### TestLoginUnregister END ###########################
2018-10-29 21:32:25,889 - root - INFO - sql:UPDATE `YD_APP_USER` SET `carNo`=NULL, `idNo`=NULL, `name`=NULL, `portraitId`=NULL, `coreLoginId`=NULL, `custId`='0', `isCarCertificate`=NULL, `isCardBindFlag`=NULL, `isCertifacate`=NULL, `portrait`=NULL, `pyAuthFlag`=NULL, `pyAuthResult`=NULL, `clientId`=NULL, `introducerPhone`=NULL WHERE (`mobile`='18000001111' and `source`='register')
2018-10-29 21:32:33,749 - root - INFO - ########################### TestLoginRegister START ###########################
2018-10-29 21:33:18,969 - root - INFO - query:SELECT idNo,name,isCertifacate,pyAuthFlag,carNo,isCarCertificate from YD_APP_USER where mobile = '18000001111' and source = 'register'
2018-10-29 21:33:18,971 - root - INFO - Execute sql failed ! : (0, '')
2018-10-29 21:33:18,973 - root - INFO - sql:UPDATE `YD_APP_USER` SET `carNo`=NULL, `idNo`=NULL, `name`=NULL, `portraitId`=NULL, `coreLoginId`=NULL, `custId`='0', `isCarCertificate`=NULL, `isCardBindFlag`=NULL, `isCertifacate`=NULL, `portrait`=NULL, `pyAuthFlag`=NULL, `pyAuthResult`=NULL, `clientId`=NULL, `introducerPhone`=NULL WHERE (`mobile`='18000001111' and `source`='register')
2018-10-29 21:33:19,104 - root - INFO - ########################### TestLoginRegister END ###########################
2018-10-29 21:39:38,383 - root - INFO - Successful device connection.
2018-10-29 21:39:38,444 - root - INFO - ########################### TestLoginUnregister START ###########################
2018-10-29 21:50:25,724 - root - INFO - Successful device connection.
2018-10-29 21:50:25,775 - root - INFO - ########################### TestLoginUnregister START ###########################
2018-10-29 21:50:36,299 - root - INFO - ### Redis查询参数  name:AppLoginVerifyCode;key:"18000001111"  ###
2018-10-29 21:50:46,190 - root - INFO - ########################### TestLoginUnregister END ###########################
2018-10-29 21:50:46,405 - root - INFO - sql:UPDATE `YD_APP_USER` SET `carNo`=NULL, `idNo`=NULL, `name`=NULL, `portraitId`=NULL, `coreLoginId`=NULL, `custId`='0', `isCarCertificate`=NULL, `isCardBindFlag`=NULL, `isCertifacate`=NULL, `portrait`=NULL, `pyAuthFlag`=NULL, `pyAuthResult`=NULL, `clientId`=NULL, `introducerPhone`=NULL WHERE (`mobile`='18000001111' and `source`='register')
2018-10-29 21:50:49,262 - root - INFO - ########################### TestLoginRegister START ###########################
2018-10-29 21:51:33,759 - root - INFO - query:SELECT idNo,name,isCertifacate,pyAuthFlag,carNo,isCarCertificate from YD_APP_USER where mobile = '18000001111' and source = 'register'
2018-10-29 21:51:33,762 - root - INFO - Execute sql failed ! : (0, '')
2018-10-29 21:51:33,765 - root - INFO - sql:UPDATE `YD_APP_USER` SET `carNo`=NULL, `idNo`=NULL, `name`=NULL, `portraitId`=NULL, `coreLoginId`=NULL, `custId`='0', `isCarCertificate`=NULL, `isCardBindFlag`=NULL, `isCertifacate`=NULL, `portrait`=NULL, `pyAuthFlag`=NULL, `pyAuthResult`=NULL, `clientId`=NULL, `introducerPhone`=NULL WHERE (`mobile`='18000001111' and `source`='register')
2018-10-29 21:51:33,870 - root - INFO - ########################### TestLoginRegister END ###########################
2018-10-29 21:57:53,516 - root - INFO - Successful device connection.
2018-10-29 21:57:53,646 - root - INFO - sql:UPDATE `YD_APP_USER` SET `carNo`=NULL, `idNo`=NULL, `name`=NULL, `portraitId`=NULL, `coreLoginId`=NULL, `custId`='0', `isCarCertificate`=NULL, `isCardBindFlag`=NULL, `isCertifacate`=NULL, `portrait`=NULL, `pyAuthFlag`=NULL, `pyAuthResult`=NULL, `clientId`=NULL, `introducerPhone`=NULL WHERE (`mobile`='18000001111' and `source`='register')
2018-10-29 21:57:56,276 - root - INFO - ########################### TestLoginRegister START ###########################
2018-10-29 21:58:39,551 - root - INFO - query:SELECT idNo,name,isCertifacate,pyAuthFlag,carNo,isCarCertificate from YD_APP_USER where mobile = '18000001111' and source = 'register'
2018-10-29 21:58:39,573 - root - INFO - sql:UPDATE `YD_APP_USER` SET `carNo`=NULL, `idNo`=NULL, `name`=NULL, `portraitId`=NULL, `coreLoginId`=NULL, `custId`='0', `isCarCertificate`=NULL, `isCardBindFlag`=NULL, `isCertifacate`=NULL, `portrait`=NULL, `pyAuthFlag`=NULL, `pyAuthResult`=NULL, `clientId`=NULL, `introducerPhone`=NULL WHERE (`mobile`='18000001111' and `source`='register')
2018-10-29 21:58:43,788 - root - INFO - ########################### TestLoginRegister END ###########################
2018-10-29 22:00:37,339 - root - INFO - Successful device connection.
2018-10-29 22:00:37,551 - root - INFO - sql:UPDATE `YD_APP_USER` SET `carNo`=NULL, `idNo`=NULL, `name`=NULL, `portraitId`=NULL, `coreLoginId`=NULL, `custId`='0', `isCarCertificate`=NULL, `isCardBindFlag`=NULL, `isCertifacate`=NULL, `portrait`=NULL, `pyAuthFlag`=NULL, `pyAuthResult`=NULL, `clientId`=NULL, `introducerPhone`=NULL WHERE (`mobile`='18000001111' and `source`='register')
2018-10-29 22:00:40,187 - root - INFO - ########################### TestLoginRegister START ###########################
2018-10-29 22:01:24,346 - root - INFO - query:SELECT idNo,name,isCertifacate,pyAuthFlag,carNo,isCarCertificate from YD_APP_USER where mobile = '18000001111' and source = 'register'
2018-10-29 22:01:24,362 - root - INFO - ########################### TestLoginRegister END ###########################
2018-10-29 22:03:45,098 - root - INFO - Successful device connection.
2018-10-29 22:03:45,332 - root - INFO - sql:UPDATE `YD_APP_USER` SET `carNo`=NULL, `idNo`=NULL, `name`=NULL, `portraitId`=NULL, `coreLoginId`=NULL, `custId`='0', `isCarCertificate`=NULL, `isCardBindFlag`=NULL, `isCertifacate`=NULL, `portrait`=NULL, `pyAuthFlag`=NULL, `pyAuthResult`=NULL, `clientId`=NULL, `introducerPhone`=NULL WHERE (`mobile`='18000001111' and `source`='register')
2018-10-29 22:03:48,203 - root - INFO - ########################### TestLoginRegister START ###########################
2018-10-29 22:04:33,321 - root - INFO - query:SELECT idNo,name,isCertifacate,pyAuthFlag,carNo,isCarCertificate from YD_APP_USER where mobile = '18000001111' and source = 'register'
2018-10-29 22:04:33,344 - root - INFO - ########################### TestLoginRegister END ###########################
2018-10-29 22:08:14,399 - root - INFO - Successful device connection.
2018-10-29 22:08:14,648 - root - INFO - sql:UPDATE `YD_APP_USER` SET `carNo`=NULL, `idNo`=NULL, `name`=NULL, `portraitId`=NULL, `coreLoginId`=NULL, `custId`='0', `isCarCertificate`=NULL, `isCardBindFlag`=NULL, `isCertifacate`=NULL, `portrait`=NULL, `pyAuthFlag`=NULL, `pyAuthResult`=NULL, `clientId`=NULL, `introducerPhone`=NULL WHERE (`mobile`='18000001111' and `source`='register')
2018-10-29 22:08:17,506 - root - INFO - ########################### TestLoginRegister START ###########################
2018-10-29 22:09:05,553 - root - INFO - query:SELECT idNo,name,isCertifacate,pyAuthFlag,carNo,isCarCertificate from YD_APP_USER where mobile = '18000001111' and source = 'register'
2018-10-29 22:09:05,570 - root - INFO - ########################### TestLoginRegister END ###########################
