2018-10-29 17:43:26,959 - root - ERROR - Can not find the element by  //android.widget.TextView[@resource-id="com.mustang:id/textview" and @text="我的"]
2018-10-29 18:00:17,232 - root - ERROR - 'NoneType' object has no attribute 'wait_activity'
2018-10-29 18:59:14,590 - root - ERROR - Failed device connection...
2018-10-29 18:59:14,592 - root - ERROR - Message: A new session could not be created. Details: Problem getting session data for driver type AndroidDriver; does it implement 'get driverData'?

2018-10-29 19:00:15,656 - root - ERROR - NOAUTH Authentication required.
2018-10-29 19:02:17,526 - root - ERROR - Failed device connection...
2018-10-29 19:02:17,532 - root - ERROR - Message: A new session could not be created. Details: Problem getting session data for driver type AndroidDriver; does it implement 'get driverData'?

2018-10-29 19:05:49,229 - root - ERROR - 'NoneType' object has no attribute 'get_screenshot_as_file'
2018-10-29 19:05:49,244 - root - ERROR - 'NoneType' object has no attribute 'wait_activity'
2018-10-29 19:08:58,391 - root - ERROR - 'DriverOperation' object has no attribute 'find_elements_by_id'
2018-10-29 20:19:25,964 - root - ERROR - Failed device connection...
2018-10-29 20:19:25,966 - root - ERROR - 'AppUiDriver' object has no attribute 'appium_port'
2018-10-29 20:21:05,841 - root - ERROR - 'DriverOperation' object has no attribute 'find_elements_by_id'
2018-10-29 21:06:33,411 - root - ERROR - Can not find the element by  //android.widget.TextView[@resource-id="com.mustang:id/textview" and @text="我的"]
2018-10-29 21:06:43,765 - root - ERROR - Can not find the element by  com.mustang:id/account_notice_wallet_account
2018-10-29 21:11:09,368 - root - ERROR - Can not find the element by  //android.widget.TextView[@resource-id="com.mustang:id/textview" and @text="我的"]
2018-10-29 21:11:19,650 - root - ERROR - Can not find the element by  com.mustang:id/account_notice_wallet_account
2018-10-29 21:16:34,603 - root - ERROR - Failed device connection...
2018-10-29 21:16:34,605 - root - ERROR - Message: A new session could not be created. Details: Problem getting session data for driver type AndroidDriver; does it implement 'get driverData'?

2018-10-29 21:21:33,989 - root - ERROR - NOAUTH Authentication required.
2018-10-29 21:24:20,475 - root - ERROR - NOAUTH Authentication required.
2018-10-29 21:32:06,639 - root - ERROR - time data '%Y-%m-%d-%H-%M-%S' does not match format '%a %b %d %H:%M:%S %Y'
2018-10-29 21:39:38,447 - root - ERROR - time data '%Y-%m-%d-%H-%M-%S' does not match format '%a %b %d %H:%M:%S %Y'
