2018-07-27 10:23:19,303 - root - ERROR - Can not find the element by  //android.widget.TextView[@text="不限"]
2018-07-27 10:23:35,355 - root - ERROR - Can not find the element by  //android.widget.TextView[@text="不限"]
2018-07-27 10:23:50,201 - root - ERROR - Can not find the element by  customer_info
2018-07-27 10:23:50,205 - root - ERROR - 'DriverOperation' object has no attribute 'find_elements_by_id'
2018-07-27 10:27:51,493 - root - ERROR - 'DriverOperation' object has no attribute 'find_elements_by_id'
2018-07-27 11:46:46,600 - root - ERROR - Can not find the element by  //android.widget.LinearLayout/android.widget.EditText[2]
2018-07-27 11:46:57,138 - root - ERROR - Can not find the element by  //android.widget.LinearLayout/android.widget.EditText[3]
2018-07-27 11:58:35,690 - root - ERROR - Failed device connection...
2018-07-27 11:58:35,694 - root - ERROR - <urlopen error [WinError 10061] 由于目标计算机积极拒绝，无法连接。>
2018-07-27 12:00:11,981 - root - ERROR - click_element() takes 3 positional arguments but 4 were given
2018-07-27 14:38:10,625 - root - ERROR - swipe() takes from 5 to 6 positional arguments but 7 were given
2018-07-27 14:43:36,986 - root - ERROR - swipe() got multiple values for argument 'duration'
2018-07-27 14:45:26,253 - root - ERROR - swipe() got multiple values for argument 'duration'
2018-07-27 14:48:43,754 - root - ERROR - Failed device connection...
2018-07-27 14:48:43,757 - root - ERROR - Message: A new session could not be created. Details: Problem getting session data for driver type AndroidDriver; does it implement 'get driverData'?

2018-07-27 14:52:38,369 - root - ERROR - list index out of range
2018-07-27 15:11:34,256 - root - ERROR - Failed device connection...
2018-07-27 15:11:34,259 - root - ERROR - Message: A new session could not be created. Details: Problem getting session data for driver type AndroidDriver; does it implement 'get driverData'?

2018-07-27 15:16:19,588 - root - ERROR - list index out of range
2018-07-27 15:18:38,647 - root - ERROR - list index out of range
2018-07-27 15:22:40,166 - root - ERROR - list index out of range
2018-07-27 16:04:12,146 - root - ERROR - Failed device connection...
2018-07-27 16:04:12,151 - root - ERROR - <urlopen error [WinError 10061] 由于目标计算机积极拒绝，无法连接。>
2018-07-27 16:26:45,621 - root - ERROR - not enough arguments for format string
2018-07-27 17:51:02,551 - root - ERROR - Failed device connection...
2018-07-27 17:51:02,555 - root - ERROR - <urlopen error [WinError 10061] 由于目标计算机积极拒绝，无法连接。>
2018-07-27 17:52:40,177 - root - ERROR - Failed device connection...
2018-07-27 17:52:40,180 - root - ERROR - Message: A new session could not be created. Details: Problem getting session data for driver type AndroidDriver; does it implement 'get driverData'?

