2018-08-03 11:05:24,991 - root - ERROR - Failed device connection...
2018-08-03 11:05:24,996 - root - ERROR - <urlopen error [WinError 10061] 由于目标计算机积极拒绝，无法连接。>
2018-08-03 11:06:41,269 - root - ERROR - Failed device connection...
2018-08-03 11:06:41,270 - root - ERROR - Message: An unknown server-side error occurred while processing the command. Original error: Error occured while starting App. Original error: Activity used to start app doesn't exist or cannot be launched! Make sure it exists and is a launchable activity

2018-08-03 14:21:38,664 - root - ERROR - Can not find the element by  com.mustang:id/btn_enter
2018-08-03 14:25:34,753 - root - ERROR - Can not find the element by  com.mustang:id/btn_enter
2018-08-03 14:30:30,947 - root - ERROR - Can not find the element by  com.mustang:id/btn_enter
2018-08-03 14:32:06,653 - root - ERROR - Failed device connection...
2018-08-03 14:32:06,657 - root - ERROR - Message: An unknown server-side error occurred while processing the command. Original error: Could not find package com.mustang on the device

2018-08-03 14:33:12,717 - root - ERROR - Failed device connection...
2018-08-03 14:33:12,720 - root - ERROR - Message: An unknown server-side error occurred while processing the command. Original error: Could not find package com.mustang on the device

2018-08-03 14:36:03,736 - root - ERROR - Can not find the element by  com.mustang:id/btn_enter
2018-08-03 17:03:26,424 - root - ERROR - Can not find the element by  //android.widget.FrameLayout/android.widget.LinearLayout[2]
2018-08-03 17:03:36,501 - root - ERROR - Can not find the element by  com.luchang.lcgc:id/login_btn
2018-08-03 17:08:19,433 - root - ERROR - Failed device connection...
2018-08-03 17:08:19,434 - root - ERROR - <urlopen error [WinError 10061] 由于目标计算机积极拒绝，无法连接。>
2018-08-03 17:09:17,853 - root - ERROR - Can not find the element by  //android.widget.FrameLayout/android.widget.LinearLayout[2]
2018-08-03 17:09:27,878 - root - ERROR - Can not find the element by  com.luchang.lcgc:id/login_btn
2018-08-03 17:14:58,831 - root - ERROR - Failed device connection...
2018-08-03 17:14:58,833 - root - ERROR - Message: A new session could not be created. Details: Problem getting session data for driver type AndroidDriver; does it implement 'get driverData'?

2018-08-03 17:16:10,778 - root - ERROR - Can not find the element by  com.luchang.lcgc:id/login_btn
